<?xml version="1.0" encoding="utf-8"?>
<coverage line-rate="1" branch-rate="1" version="1.9" timestamp="1748967288" lines-covered="73" lines-valid="73" branches-covered="30" branches-valid="30">
  <sources>
    <source>C:\Users\alun\Code\Me\LSL.Dictionaries\LSL.Dictionaries\Extensions\</source>
  </sources>
  <packages>
    <package name="LSL.Dictionaries" line-rate="1" branch-rate="1" complexity="43">
      <classes>
        <class name="LSL.Dictionaries.Extensions.BaseConfiguration`1" filename="BaseConfiguration.cs" line-rate="1" branch-rate="1" complexity="9">
          <methods>
            <method name="get_PropertyFilter" signature="()" line-rate="1" branch-rate="1" complexity="1">
              <lines>
                <line number="13" hits="54" branch="False" />
              </lines>
            </method>
            <method name="get_PropertyNameProvider" signature="()" line-rate="1" branch-rate="1" complexity="1">
              <lines>
                <line number="14" hits="81" branch="False" />
              </lines>
            </method>
            <method name="WithPropertyFilter" signature="(System.Func`3&lt;System.Reflection.PropertyInfo,System.Object,System.Boolean&gt;)" line-rate="1" branch-rate="1" complexity="1">
              <lines>
                <line number="25" hits="2" branch="False" />
                <line number="26" hits="2" branch="False" />
                <line number="27" hits="2" branch="False" />
                <line number="28" hits="2" branch="False" />
              </lines>
            </method>
            <method name="WithPropertyNameProvider" signature="(System.Func`2&lt;System.Reflection.PropertyInfo,System.String&gt;)" line-rate="1" branch-rate="1" complexity="1">
              <lines>
                <line number="36" hits="5" branch="False" />
                <line number="37" hits="5" branch="False" />
                <line number="38" hits="4" branch="False" />
                <line number="39" hits="4" branch="False" />
              </lines>
            </method>
            <method name="DefaultPropertyFilter" signature="(System.Reflection.PropertyInfo,System.Object)" line-rate="1" branch-rate="1" complexity="1">
              <lines>
                <line number="41" hits="33" branch="False" />
              </lines>
            </method>
          </methods>
          <lines>
            <line number="13" hits="54" branch="False" />
            <line number="14" hits="81" branch="False" />
            <line number="25" hits="2" branch="False" />
            <line number="26" hits="2" branch="False" />
            <line number="27" hits="2" branch="False" />
            <line number="28" hits="2" branch="False" />
            <line number="36" hits="5" branch="False" />
            <line number="37" hits="5" branch="False" />
            <line number="38" hits="4" branch="False" />
            <line number="39" hits="4" branch="False" />
            <line number="41" hits="33" branch="False" />
          </lines>
        </class>
        <class name="LSL.Dictionaries.Extensions.DictionaryExtensions" filename="DictionaryExtensions.cs" line-rate="1" branch-rate="1" complexity="10">
          <methods>
            <method name="ToObject" signature="(System.Collections.Generic.IDictionary`2&lt;System.String,System.Object&gt;,System.Action`1&lt;LSL.Dictionaries.Extensions.FromDictionaryConfiguration&gt;)" line-rate="1" branch-rate="1" complexity="1">
              <lines>
                <line number="19" hits="2" branch="False" />
                <line number="20" hits="2" branch="False" />
                <line number="21" hits="2" branch="False" />
                <line number="23" hits="2" branch="False" />
                <line number="25" hits="2" branch="False" />
              </lines>
            </method>
            <method name="ToObject" signature="(System.Collections.Generic.IDictionary`2&lt;System.String,System.Object&gt;)" line-rate="1" branch-rate="1" complexity="1">
              <lines>
                <line number="34" hits="2" branch="False" />
              </lines>
            </method>
            <method name="ToObjectInternal" signature="(System.Collections.Generic.IDictionary`2&lt;System.String,System.Object&gt;,System.Type,LSL.Dictionaries.Extensions.FromDictionaryConfiguration)" line-rate="1" branch-rate="1" complexity="8">
              <lines>
                <line number="37" hits="8" branch="False" />
                <line number="38" hits="8" branch="False" />
                <line number="40" hits="8" branch="False" />
                <line number="42" hits="56" branch="True" condition-coverage="100% (2/2)">
                  <conditions>
                    <condition number="177" type="jump" coverage="100%" />
                  </conditions>
                </line>
                <line number="43" hits="16" branch="False" />
                <line number="44" hits="16" branch="False" />
                <line number="45" hits="16" branch="True" condition-coverage="100% (2/2)">
                  <conditions>
                    <condition number="71" type="jump" coverage="100%" />
                  </conditions>
                </line>
                <line number="47" hits="16" branch="True" condition-coverage="100% (2/2)">
                  <conditions>
                    <condition number="106" type="jump" coverage="100%" />
                  </conditions>
                </line>
                <line number="49" hits="16" branch="True" condition-coverage="100% (2/2)">
                  <conditions>
                    <condition number="128" type="jump" coverage="100%" />
                  </conditions>
                </line>
                <line number="50" hits="4" branch="False" />
                <line number="51" hits="4" branch="False" />
                <line number="52" hits="4" branch="False" />
                <line number="54" hits="12" branch="False" />
                <line number="55" hits="12" branch="False" />
                <line number="56" hits="12" branch="False" />
                <line number="57" hits="16" branch="False" />
                <line number="59" hits="8" branch="False" />
                <line number="60" hits="8" branch="False" />
              </lines>
            </method>
          </methods>
          <lines>
            <line number="19" hits="2" branch="False" />
            <line number="20" hits="2" branch="False" />
            <line number="21" hits="2" branch="False" />
            <line number="23" hits="2" branch="False" />
            <line number="25" hits="2" branch="False" />
            <line number="34" hits="2" branch="False" />
            <line number="37" hits="8" branch="False" />
            <line number="38" hits="8" branch="False" />
            <line number="40" hits="8" branch="False" />
            <line number="42" hits="56" branch="True" condition-coverage="100% (2/2)">
              <conditions>
                <condition number="177" type="jump" coverage="100%" />
              </conditions>
            </line>
            <line number="43" hits="16" branch="False" />
            <line number="44" hits="16" branch="False" />
            <line number="45" hits="16" branch="True" condition-coverage="100% (2/2)">
              <conditions>
                <condition number="71" type="jump" coverage="100%" />
              </conditions>
            </line>
            <line number="47" hits="16" branch="True" condition-coverage="100% (2/2)">
              <conditions>
                <condition number="106" type="jump" coverage="100%" />
              </conditions>
            </line>
            <line number="49" hits="16" branch="True" condition-coverage="100% (2/2)">
              <conditions>
                <condition number="128" type="jump" coverage="100%" />
              </conditions>
            </line>
            <line number="50" hits="4" branch="False" />
            <line number="51" hits="4" branch="False" />
            <line number="52" hits="4" branch="False" />
            <line number="54" hits="12" branch="False" />
            <line number="55" hits="12" branch="False" />
            <line number="56" hits="12" branch="False" />
            <line number="57" hits="16" branch="False" />
            <line number="59" hits="8" branch="False" />
            <line number="60" hits="8" branch="False" />
          </lines>
        </class>
        <class name="LSL.Dictionaries.Extensions.FromDictionaryConfiguration" filename="FromDictionaryConfiguration.cs" line-rate="1" branch-rate="1" complexity="3">
          <methods>
            <method name="get_ValueMapper" signature="()" line-rate="1" branch-rate="1" complexity="1">
              <lines>
                <line number="11" hits="22" branch="False" />
              </lines>
            </method>
            <method name="WithValueMapper" signature="(System.Func`3&lt;System.Reflection.PropertyInfo,System.Object,System.Object&gt;)" line-rate="1" branch-rate="1" complexity="1">
              <lines>
                <line number="14" hits="2" branch="False" />
                <line number="15" hits="2" branch="False" />
                <line number="16" hits="2" branch="False" />
                <line number="17" hits="2" branch="False" />
              </lines>
            </method>
            <method name="DefaultValueMapper" signature="(System.Reflection.PropertyInfo,System.Object)" line-rate="1" branch-rate="1" complexity="1">
              <lines>
                <line number="19" hits="8" branch="False" />
              </lines>
            </method>
          </methods>
          <lines>
            <line number="11" hits="22" branch="False" />
            <line number="14" hits="2" branch="False" />
            <line number="15" hits="2" branch="False" />
            <line number="16" hits="2" branch="False" />
            <line number="17" hits="2" branch="False" />
            <line number="19" hits="8" branch="False" />
          </lines>
        </class>
        <class name="LSL.Dictionaries.Extensions.GuardExtensions" filename="GuardExtensions.cs" line-rate="1" branch-rate="1" complexity="2">
          <methods>
            <method name="AssertNotNull" signature="(T,System.String)" line-rate="1" branch-rate="1" complexity="2">
              <lines>
                <line number="9" hits="22" branch="True" condition-coverage="100% (2/2)">
                  <conditions>
                    <condition number="8" type="jump" coverage="100%" />
                  </conditions>
                </line>
              </lines>
            </method>
          </methods>
          <lines>
            <line number="9" hits="22" branch="True" condition-coverage="100% (2/2)">
              <conditions>
                <condition number="8" type="jump" coverage="100%" />
              </conditions>
            </line>
          </lines>
        </class>
        <class name="LSL.Dictionaries.Extensions.ObjectExtensions" filename="ObjectExtensions.cs" line-rate="1" branch-rate="1" complexity="13">
          <methods>
            <method name="ToDictionary" signature="(System.Object)" line-rate="1" branch-rate="1" complexity="1">
              <lines>
                <line number="17" hits="5" branch="False" />
              </lines>
            </method>
            <method name="ToDictionary" signature="(System.Object,System.Action`1&lt;LSL.Dictionaries.Extensions.ToDictionaryConfiguration&gt;)" line-rate="1" branch-rate="1" complexity="4">
              <lines>
                <line number="26" hits="9" branch="False" />
                <line number="27" hits="19" branch="True" condition-coverage="100% (2/2)">
                  <conditions>
                    <condition number="2" type="jump" coverage="100%" />
                  </conditions>
                </line>
                <line number="29" hits="9" branch="False" />
                <line number="30" hits="9" branch="True" condition-coverage="100% (2/2)">
                  <conditions>
                    <condition number="44" type="jump" coverage="100%" />
                  </conditions>
                </line>
                <line number="32" hits="7" branch="False" />
                <line number="33" hits="7" branch="False" />
              </lines>
            </method>
            <method name="ToDictionaryInternal" signature="(System.Object,LSL.Dictionaries.Extensions.ToDictionaryConfiguration)" line-rate="1" branch-rate="1" complexity="8">
              <lines>
                <line number="36" hits="11" branch="False" />
                <line number="37" hits="12" branch="True" condition-coverage="100% (2/2)">
                  <conditions>
                    <condition number="7" type="jump" coverage="100%" />
                  </conditions>
                </line>
                <line number="39" hits="10" branch="False" />
                <line number="41" hits="76" branch="True" condition-coverage="100% (2/2)">
                  <conditions>
                    <condition number="168" type="jump" coverage="100%" />
                  </conditions>
                </line>
                <line number="42" hits="23" branch="False" />
                <line number="43" hits="23" branch="False" />
                <line number="44" hits="23" branch="False" />
                <line number="46" hits="23" branch="True" condition-coverage="100% (2/2)">
                  <conditions>
                    <condition number="94" type="jump" coverage="100%" />
                  </conditions>
                </line>
                <line number="48" hits="23" branch="True" condition-coverage="100% (2/2)">
                  <conditions>
                    <condition number="120" type="jump" coverage="100%" />
                  </conditions>
                </line>
                <line number="49" hits="4" branch="False" />
                <line number="50" hits="4" branch="False" />
                <line number="51" hits="4" branch="False" />
                <line number="53" hits="19" branch="False" />
                <line number="54" hits="19" branch="False" />
                <line number="55" hits="19" branch="False" />
                <line number="56" hits="23" branch="False" />
                <line number="58" hits="10" branch="False" />
                <line number="59" hits="11" branch="False" />
              </lines>
            </method>
          </methods>
          <lines>
            <line number="17" hits="5" branch="False" />
            <line number="26" hits="9" branch="False" />
            <line number="27" hits="19" branch="True" condition-coverage="100% (2/2)">
              <conditions>
                <condition number="2" type="jump" coverage="100%" />
              </conditions>
            </line>
            <line number="29" hits="9" branch="False" />
            <line number="30" hits="9" branch="True" condition-coverage="100% (2/2)">
              <conditions>
                <condition number="44" type="jump" coverage="100%" />
              </conditions>
            </line>
            <line number="32" hits="7" branch="False" />
            <line number="33" hits="7" branch="False" />
            <line number="36" hits="11" branch="False" />
            <line number="37" hits="12" branch="True" condition-coverage="100% (2/2)">
              <conditions>
                <condition number="7" type="jump" coverage="100%" />
              </conditions>
            </line>
            <line number="39" hits="10" branch="False" />
            <line number="41" hits="76" branch="True" condition-coverage="100% (2/2)">
              <conditions>
                <condition number="168" type="jump" coverage="100%" />
              </conditions>
            </line>
            <line number="42" hits="23" branch="False" />
            <line number="43" hits="23" branch="False" />
            <line number="44" hits="23" branch="False" />
            <line number="46" hits="23" branch="True" condition-coverage="100% (2/2)">
              <conditions>
                <condition number="94" type="jump" coverage="100%" />
              </conditions>
            </line>
            <line number="48" hits="23" branch="True" condition-coverage="100% (2/2)">
              <conditions>
                <condition number="120" type="jump" coverage="100%" />
              </conditions>
            </line>
            <line number="49" hits="4" branch="False" />
            <line number="50" hits="4" branch="False" />
            <line number="51" hits="4" branch="False" />
            <line number="53" hits="19" branch="False" />
            <line number="54" hits="19" branch="False" />
            <line number="55" hits="19" branch="False" />
            <line number="56" hits="23" branch="False" />
            <line number="58" hits="10" branch="False" />
            <line number="59" hits="11" branch="False" />
          </lines>
        </class>
        <class name="LSL.Dictionaries.Extensions.ToDictionaryConfiguration" filename="ToDictionaryConfiguration.cs" line-rate="1" branch-rate="1" complexity="6">
          <methods>
            <method name="get_ComplexTypeChecker" signature="()" line-rate="1" branch-rate="1" complexity="1">
              <lines>
                <line number="11" hits="34" branch="False" />
              </lines>
            </method>
            <method name="WithComplexTypeChecker" signature="(System.Func`2&lt;System.Type,System.Boolean&gt;)" line-rate="1" branch-rate="1" complexity="1">
              <lines>
                <line number="23" hits="3" branch="False" />
                <line number="24" hits="3" branch="False" />
                <line number="25" hits="2" branch="False" />
                <line number="26" hits="2" branch="False" />
              </lines>
            </method>
            <method name="DefaultComplexTypeChecker" signature="(System.Type)" line-rate="1" branch-rate="1" complexity="4">
              <lines>
                <line number="29" hits="17" branch="True" condition-coverage="100% (4/4)">
                  <conditions>
                    <condition number="6" type="jump" coverage="100%" />
                    <condition number="24" type="jump" coverage="100%" />
                  </conditions>
                </line>
              </lines>
            </method>
          </methods>
          <lines>
            <line number="11" hits="34" branch="False" />
            <line number="23" hits="3" branch="False" />
            <line number="24" hits="3" branch="False" />
            <line number="25" hits="2" branch="False" />
            <line number="26" hits="2" branch="False" />
            <line number="29" hits="17" branch="True" condition-coverage="100% (4/4)">
              <conditions>
                <condition number="6" type="jump" coverage="100%" />
                <condition number="24" type="jump" coverage="100%" />
              </conditions>
            </line>
          </lines>
        </class>
      </classes>
    </package>
  </packages>
</coverage>