<?xml version="1.0" encoding="utf-8"?>
<coverage line-rate="1" branch-rate="1" version="1.9" timestamp="1748954195" lines-covered="34" lines-valid="34" branches-covered="16" branches-valid="16">
  <sources>
    <source>C:\Users\alun\Code\Me\LSL.Dictionaries\LSL.Dictionaries\Extensions\</source>
  </sources>
  <packages>
    <package name="LSL.Dictionaries" line-rate="1" branch-rate="1" complexity="21">
      <classes>
        <class name="LSL.Dictionaries.Extensions.GuardExtensions" filename="GuardExtensions.cs" line-rate="1" branch-rate="1" complexity="2">
          <methods>
            <method name="AssertNotNull" signature="(T,System.String)" line-rate="1" branch-rate="1" complexity="2">
              <lines>
                <line number="9" hits="6" branch="True" condition-coverage="100% (2/2)">
                  <conditions>
                    <condition number="8" type="jump" coverage="100%" />
                  </conditions>
                </line>
              </lines>
            </method>
          </methods>
          <lines>
            <line number="9" hits="6" branch="True" condition-coverage="100% (2/2)">
              <conditions>
                <condition number="8" type="jump" coverage="100%" />
              </conditions>
            </line>
          </lines>
        </class>
        <class name="LSL.Dictionaries.Extensions.ObjectExtensions" filename="ObjectExtensions.cs" line-rate="1" branch-rate="1" complexity="11">
          <methods>
            <method name="ToDictionary" signature="(System.Object)" line-rate="1" branch-rate="1" complexity="1">
              <lines>
                <line number="18" hits="9" branch="False" />
                <line number="19" hits="9" branch="False" />
                <line number="20" hits="9" branch="False" />
              </lines>
            </method>
            <method name="ToDictionary" signature="(System.Object,System.Action`1&lt;LSL.Dictionaries.Extensions.ToDictionaryConfiguration&gt;)" line-rate="1" branch-rate="1" complexity="10">
              <lines>
                <line number="29" hits="13" branch="False" />
                <line number="30" hits="14" branch="True" condition-coverage="100% (2/2)">
                  <conditions>
                    <condition number="7" type="jump" coverage="100%" />
                  </conditions>
                </line>
                <line number="31" hits="28" branch="True" condition-coverage="100% (2/2)">
                  <conditions>
                    <condition number="17" type="jump" coverage="100%" />
                  </conditions>
                </line>
                <line number="33" hits="12" branch="False" />
                <line number="34" hits="12" branch="True" condition-coverage="100% (2/2)">
                  <conditions>
                    <condition number="59" type="jump" coverage="100%" />
                  </conditions>
                </line>
                <line number="36" hits="10" branch="False" />
                <line number="38" hits="72" branch="True" condition-coverage="100% (2/2)">
                  <conditions>
                    <condition number="201" type="jump" coverage="100%" />
                  </conditions>
                </line>
                <line number="39" hits="21" branch="False" />
                <line number="40" hits="21" branch="False" />
                <line number="41" hits="21" branch="True" condition-coverage="100% (2/2)">
                  <conditions>
                    <condition number="141" type="jump" coverage="100%" />
                  </conditions>
                </line>
                <line number="42" hits="4" branch="False" />
                <line number="43" hits="4" branch="False" />
                <line number="44" hits="4" branch="False" />
                <line number="46" hits="17" branch="False" />
                <line number="47" hits="17" branch="False" />
                <line number="48" hits="17" branch="False" />
                <line number="49" hits="21" branch="False" />
                <line number="51" hits="10" branch="False" />
                <line number="52" hits="11" branch="False" />
              </lines>
            </method>
          </methods>
          <lines>
            <line number="18" hits="9" branch="False" />
            <line number="19" hits="9" branch="False" />
            <line number="20" hits="9" branch="False" />
            <line number="29" hits="13" branch="False" />
            <line number="30" hits="14" branch="True" condition-coverage="100% (2/2)">
              <conditions>
                <condition number="7" type="jump" coverage="100%" />
              </conditions>
            </line>
            <line number="31" hits="28" branch="True" condition-coverage="100% (2/2)">
              <conditions>
                <condition number="17" type="jump" coverage="100%" />
              </conditions>
            </line>
            <line number="33" hits="12" branch="False" />
            <line number="34" hits="12" branch="True" condition-coverage="100% (2/2)">
              <conditions>
                <condition number="59" type="jump" coverage="100%" />
              </conditions>
            </line>
            <line number="36" hits="10" branch="False" />
            <line number="38" hits="72" branch="True" condition-coverage="100% (2/2)">
              <conditions>
                <condition number="201" type="jump" coverage="100%" />
              </conditions>
            </line>
            <line number="39" hits="21" branch="False" />
            <line number="40" hits="21" branch="False" />
            <line number="41" hits="21" branch="True" condition-coverage="100% (2/2)">
              <conditions>
                <condition number="141" type="jump" coverage="100%" />
              </conditions>
            </line>
            <line number="42" hits="4" branch="False" />
            <line number="43" hits="4" branch="False" />
            <line number="44" hits="4" branch="False" />
            <line number="46" hits="17" branch="False" />
            <line number="47" hits="17" branch="False" />
            <line number="48" hits="17" branch="False" />
            <line number="49" hits="21" branch="False" />
            <line number="51" hits="10" branch="False" />
            <line number="52" hits="11" branch="False" />
          </lines>
        </class>
        <class name="LSL.Dictionaries.Extensions.ToDictionaryConfiguration" filename="ToDictionaryConfiguration.cs" line-rate="1" branch-rate="1" complexity="8">
          <methods>
            <method name="get_ComplexTypeChecker" signature="()" line-rate="1" branch-rate="1" complexity="1">
              <lines>
                <line number="12" hits="35" branch="False" />
              </lines>
            </method>
            <method name="get_PropertyNameProvider" signature="()" line-rate="1" branch-rate="1" complexity="1">
              <lines>
                <line number="13" hits="54" branch="False" />
              </lines>
            </method>
            <method name="WithPropertyNameProvider" signature="(System.Func`2&lt;System.Reflection.PropertyInfo,System.String&gt;)" line-rate="1" branch-rate="1" complexity="1">
              <lines>
                <line number="21" hits="3" branch="False" />
                <line number="22" hits="3" branch="False" />
                <line number="23" hits="2" branch="False" />
                <line number="24" hits="2" branch="False" />
              </lines>
            </method>
            <method name="WithComplexTypeChecker" signature="(System.Func`2&lt;System.Type,System.Boolean&gt;)" line-rate="1" branch-rate="1" complexity="1">
              <lines>
                <line number="36" hits="3" branch="False" />
                <line number="37" hits="3" branch="False" />
                <line number="38" hits="2" branch="False" />
                <line number="39" hits="2" branch="False" />
              </lines>
            </method>
            <method name="DefaultComplexTypeChecker" signature="(System.Type)" line-rate="1" branch-rate="1" complexity="4">
              <lines>
                <line number="42" hits="19" branch="True" condition-coverage="100% (4/4)">
                  <conditions>
                    <condition number="6" type="jump" coverage="100%" />
                    <condition number="24" type="jump" coverage="100%" />
                  </conditions>
                </line>
              </lines>
            </method>
          </methods>
          <lines>
            <line number="12" hits="35" branch="False" />
            <line number="13" hits="54" branch="False" />
            <line number="21" hits="3" branch="False" />
            <line number="22" hits="3" branch="False" />
            <line number="23" hits="2" branch="False" />
            <line number="24" hits="2" branch="False" />
            <line number="36" hits="3" branch="False" />
            <line number="37" hits="3" branch="False" />
            <line number="38" hits="2" branch="False" />
            <line number="39" hits="2" branch="False" />
            <line number="42" hits="19" branch="True" condition-coverage="100% (4/4)">
              <conditions>
                <condition number="6" type="jump" coverage="100%" />
                <condition number="24" type="jump" coverage="100%" />
              </conditions>
            </line>
          </lines>
        </class>
      </classes>
    </package>
  </packages>
</coverage>